<?xml version="1.0" encoding="UTF-8" standalone="no"?>
<!DOCTYPE log SYSTEM "logger.dtd">
<log>
<record>
  <date>2015-03-30T16:09:50</date>
  <millis>1427742590811</millis>
  <sequence>0</sequence>
  <logger>jMetal</logger>
  <level>INFO</level>
  <class>jmetal.metaheuristics.abyss.AbYSS_main</class>
  <method>main</method>
  <thread>1</thread>
  <message>Total execution time: 629ms</message>
</record>
<record>
  <date>2015-03-30T16:09:50</date>
  <millis>1427742590902</millis>
  <sequence>1</sequence>
  <logger>jMetal</logger>
  <level>INFO</level>
  <class>jmetal.metaheuristics.abyss.AbYSS_main</class>
  <method>main</method>
  <thread>1</thread>
  <message>Variables values have been writen to file VAR</message>
</record>
<record>
  <date>2015-03-30T16:09:51</date>
  <millis>1427742591536</millis>
  <sequence>2</sequence>
  <logger>jMetal</logger>
  <level>INFO</level>
  <class>jmetal.metaheuristics.abyss.AbYSS_main</class>
  <method>main</method>
  <thread>1</thread>
  <message>Objectives values have been writen to file FUN</message>
</record>
</log>
