<?xml version="1.0" encoding="UTF-8" standalone="no"?>
<!DOCTYPE log SYSTEM "logger.dtd">
<log>
<record>
  <date>2015-05-09T23:53:47</date>
  <millis>1431226427437</millis>
  <sequence>0</sequence>
  <logger>jMetal</logger>
  <level>SEVERE</level>
  <class>org.uma.jmetal.util.JMetalException</class>
  <method>&lt;init&gt;</method>
  <thread>1</thread>
  <message>Exception when calling method getFileWriter()</message>
  <exception>
    <message>java.io.FileNotFoundException: experiment/guizzo_cas/NSGAIII/F2/200_10000_0.9_0.1_UniformCrossoverBinary4NSGAIII_SwapMutationBinary4NSGAIII_BinaryTournament24NSGAIII_30/FUN_2 (No such file or directory)</message>
    <frame>
      <class>java.io.FileOutputStream</class>
      <method>open</method>
    </frame>
    <frame>
      <class>java.io.FileOutputStream</class>
      <method>&lt;init&gt;</method>
      <line>221</line>
    </frame>
    <frame>
      <class>java.io.FileOutputStream</class>
      <method>&lt;init&gt;</method>
      <line>110</line>
    </frame>
    <frame>
      <class>org.uma.jmetal.util.fileoutput.impl.DefaultFileOutputContext</class>
      <method>getFileWriter</method>
      <line>29</line>
    </frame>
    <frame>
      <class>org.uma.jmetal.util.fileoutput.SolutionSetOutput</class>
      <method>printObjectivesToFile</method>
      <line>104</line>
    </frame>
    <frame>
      <class>org.uma.jmetal.util.fileoutput.SolutionSetOutput$Printer</class>
      <method>print</method>
      <line>81</line>
    </frame>
    <frame>
      <class>experiment.MTTest50</class>
      <method>main</method>
      <line>61</line>
    </frame>
  </exception>
</record>
</log>
